[2022-04-22 01:20:34] local.ERROR: Target class [Illuminate\Console\KeyGenerateCommand] does not exist. {"exception":"[object] (Illuminate\\Contracts\\Container\\BindingResolutionException(code: 0): Target class [Illuminate\\Console\\KeyGenerateCommand] does not exist. at D:\\Projetos\\php-challenge-20201117\\projeto1\\vendor\\illuminate\\container\\Container.php:879)
[stacktrace]
#0 D:\\Projetos\\php-challenge-20201117\\projeto1\\vendor\\illuminate\\container\\Container.php(758): Illuminate\\Container\\Container->build('Illuminate\\\\Cons...')
#1 D:\\Projetos\\php-challenge-20201117\\projeto1\\vendor\\illuminate\\container\\Container.php(694): Illuminate\\Container\\Container->resolve('Illuminate\\\\Cons...', Array)
#2 D:\\Projetos\\php-challenge-20201117\\projeto1\\vendor\\laravel\\lumen-framework\\src\\Application.php(300): Illuminate\\Container\\Container->make('Illuminate\\\\Cons...', Array)
#3 D:\\Projetos\\php-challenge-20201117\\projeto1\\vendor\\illuminate\\console\\Application.php(262): Laravel\\Lumen\\Application->make('Illuminate\\\\Cons...')
#4 D:\\Projetos\\php-challenge-20201117\\projeto1\\vendor\\illuminate\\console\\Application.php(276): Illuminate\\Console\\Application->resolve('Illuminate\\\\Cons...')
#5 D:\\Projetos\\php-challenge-20201117\\projeto1\\vendor\\laravel\\lumen-framework\\src\\Console\\Kernel.php(212): Illuminate\\Console\\Application->resolveCommands(Array)
#6 D:\\Projetos\\php-challenge-20201117\\projeto1\\vendor\\laravel\\lumen-framework\\src\\Console\\Kernel.php(116): Laravel\\Lumen\\Console\\Kernel->getArtisan()
#7 D:\\Projetos\\php-challenge-20201117\\projeto1\\artisan(35): Laravel\\Lumen\\Console\\Kernel->handle(Object(Symfony\\Component\\Console\\Input\\ArgvInput), Object(Symfony\\Component\\Console\\Output\\ConsoleOutput))
#8 {main}

[previous exception] [object] (ReflectionException(code: -1): Class Illuminate\\Console\\KeyGenerateCommand does not exist at D:\\Projetos\\php-challenge-20201117\\projeto1\\vendor\\illuminate\\container\\Container.php:877)
[stacktrace]
#0 D:\\Projetos\\php-challenge-20201117\\projeto1\\vendor\\illuminate\\container\\Container.php(877): ReflectionClass->__construct('Illuminate\\\\Cons...')
#1 D:\\Projetos\\php-challenge-20201117\\projeto1\\vendor\\illuminate\\container\\Container.php(758): Illuminate\\Container\\Container->build('Illuminate\\\\Cons...')
#2 D:\\Projetos\\php-challenge-20201117\\projeto1\\vendor\\illuminate\\container\\Container.php(694): Illuminate\\Container\\Container->resolve('Illuminate\\\\Cons...', Array)
#3 D:\\Projetos\\php-challenge-20201117\\projeto1\\vendor\\laravel\\lumen-framework\\src\\Application.php(300): Illuminate\\Container\\Container->make('Illuminate\\\\Cons...', Array)
#4 D:\\Projetos\\php-challenge-20201117\\projeto1\\vendor\\illuminate\\console\\Application.php(262): Laravel\\Lumen\\Application->make('Illuminate\\\\Cons...')
#5 D:\\Projetos\\php-challenge-20201117\\projeto1\\vendor\\illuminate\\console\\Application.php(276): Illuminate\\Console\\Application->resolve('Illuminate\\\\Cons...')
#6 D:\\Projetos\\php-challenge-20201117\\projeto1\\vendor\\laravel\\lumen-framework\\src\\Console\\Kernel.php(212): Illuminate\\Console\\Application->resolveCommands(Array)
#7 D:\\Projetos\\php-challenge-20201117\\projeto1\\vendor\\laravel\\lumen-framework\\src\\Console\\Kernel.php(116): Laravel\\Lumen\\Console\\Kernel->getArtisan()
#8 D:\\Projetos\\php-challenge-20201117\\projeto1\\artisan(35): Laravel\\Lumen\\Console\\Kernel->handle(Object(Symfony\\Component\\Console\\Input\\ArgvInput), Object(Symfony\\Component\\Console\\Output\\ConsoleOutput))
#9 {main}
"} 
[2022-04-22 01:20:58] local.ERROR: Target class [Illuminate\Console\KeyGenerateCommand] does not exist. {"exception":"[object] (Illuminate\\Contracts\\Container\\BindingResolutionException(code: 0): Target class [Illuminate\\Console\\KeyGenerateCommand] does not exist. at D:\\Projetos\\php-challenge-20201117\\projeto1\\vendor\\illuminate\\container\\Container.php:879)
[stacktrace]
#0 D:\\Projetos\\php-challenge-20201117\\projeto1\\vendor\\illuminate\\container\\Container.php(758): Illuminate\\Container\\Container->build('Illuminate\\\\Cons...')
#1 D:\\Projetos\\php-challenge-20201117\\projeto1\\vendor\\illuminate\\container\\Container.php(694): Illuminate\\Container\\Container->resolve('Illuminate\\\\Cons...', Array)
#2 D:\\Projetos\\php-challenge-20201117\\projeto1\\vendor\\laravel\\lumen-framework\\src\\Application.php(300): Illuminate\\Container\\Container->make('Illuminate\\\\Cons...', Array)
#3 D:\\Projetos\\php-challenge-20201117\\projeto1\\vendor\\illuminate\\console\\Application.php(262): Laravel\\Lumen\\Application->make('Illuminate\\\\Cons...')
#4 D:\\Projetos\\php-challenge-20201117\\projeto1\\vendor\\illuminate\\console\\Application.php(276): Illuminate\\Console\\Application->resolve('Illuminate\\\\Cons...')
#5 D:\\Projetos\\php-challenge-20201117\\projeto1\\vendor\\laravel\\lumen-framework\\src\\Console\\Kernel.php(212): Illuminate\\Console\\Application->resolveCommands(Array)
#6 D:\\Projetos\\php-challenge-20201117\\projeto1\\vendor\\laravel\\lumen-framework\\src\\Console\\Kernel.php(116): Laravel\\Lumen\\Console\\Kernel->getArtisan()
#7 D:\\Projetos\\php-challenge-20201117\\projeto1\\artisan(35): Laravel\\Lumen\\Console\\Kernel->handle(Object(Symfony\\Component\\Console\\Input\\ArgvInput), Object(Symfony\\Component\\Console\\Output\\ConsoleOutput))
#8 {main}

[previous exception] [object] (ReflectionException(code: -1): Class Illuminate\\Console\\KeyGenerateCommand does not exist at D:\\Projetos\\php-challenge-20201117\\projeto1\\vendor\\illuminate\\container\\Container.php:877)
[stacktrace]
#0 D:\\Projetos\\php-challenge-20201117\\projeto1\\vendor\\illuminate\\container\\Container.php(877): ReflectionClass->__construct('Illuminate\\\\Cons...')
#1 D:\\Projetos\\php-challenge-20201117\\projeto1\\vendor\\illuminate\\container\\Container.php(758): Illuminate\\Container\\Container->build('Illuminate\\\\Cons...')
#2 D:\\Projetos\\php-challenge-20201117\\projeto1\\vendor\\illuminate\\container\\Container.php(694): Illuminate\\Container\\Container->resolve('Illuminate\\\\Cons...', Array)
#3 D:\\Projetos\\php-challenge-20201117\\projeto1\\vendor\\laravel\\lumen-framework\\src\\Application.php(300): Illuminate\\Container\\Container->make('Illuminate\\\\Cons...', Array)
#4 D:\\Projetos\\php-challenge-20201117\\projeto1\\vendor\\illuminate\\console\\Application.php(262): Laravel\\Lumen\\Application->make('Illuminate\\\\Cons...')
#5 D:\\Projetos\\php-challenge-20201117\\projeto1\\vendor\\illuminate\\console\\Application.php(276): Illuminate\\Console\\Application->resolve('Illuminate\\\\Cons...')
#6 D:\\Projetos\\php-challenge-20201117\\projeto1\\vendor\\laravel\\lumen-framework\\src\\Console\\Kernel.php(212): Illuminate\\Console\\Application->resolveCommands(Array)
#7 D:\\Projetos\\php-challenge-20201117\\projeto1\\vendor\\laravel\\lumen-framework\\src\\Console\\Kernel.php(116): Laravel\\Lumen\\Console\\Kernel->getArtisan()
#8 D:\\Projetos\\php-challenge-20201117\\projeto1\\artisan(35): Laravel\\Lumen\\Console\\Kernel->handle(Object(Symfony\\Component\\Console\\Input\\ArgvInput), Object(Symfony\\Component\\Console\\Output\\ConsoleOutput))
#9 {main}
"} 
